<?xml version="1.0" encoding="UTF-8"?>
<testng-results ignored="0" total="1" passed="1" failed="0" skipped="0">
  <reporter-output>
  </reporter-output>
  <suite started-at="2022-09-10T09:27:02 IST" name="Default suite" finished-at="2022-09-10T09:27:02 IST" duration-ms="144">
    <groups>
    </groups>
    <test started-at="2022-09-10T09:27:02 IST" name="Default test" finished-at="2022-09-10T09:27:02 IST" duration-ms="144">
      <class name="Pack1.TestNG">
        <test-method is-config="true" signature="beforeClass()[pri:0, instance:Pack1.TestNG@3c419631]" started-at="2022-09-10T09:27:02 IST" name="beforeClass" finished-at="2022-09-10T09:27:02 IST" duration-ms="24" status="PASS">
          <reporter-output>
          </reporter-output>
        </test-method> <!-- beforeClass -->
        <test-method is-config="true" signature="beforemethod()[pri:0, instance:Pack1.TestNG@3c419631]" started-at="2022-09-10T09:27:02 IST" name="beforemethod" finished-at="2022-09-10T09:27:02 IST" duration-ms="1" status="PASS">
          <reporter-output>
          </reporter-output>
        </test-method> <!-- beforemethod -->
        <test-method signature="test()[pri:0, instance:Pack1.TestNG@3c419631]" started-at="2022-09-10T09:27:02 IST" name="test" finished-at="2022-09-10T09:27:02 IST" duration-ms="22" status="PASS">
          <reporter-output>
          </reporter-output>
        </test-method> <!-- test -->
      </class> <!-- Pack1.TestNG -->
    </test> <!-- Default test -->
  </suite> <!-- Default suite -->
</testng-results>
